12-15 10:40:25 com_github_MitjaNemec_Archive3DModels.action_archive_3d_models 210:Plugin executed on: 'win32'
12-15 10:40:25 com_github_MitjaNemec_Archive3DModels.action_archive_3d_models 211:Plugin executed with python version: '3.9.10 (main, Jun 24 2022, 05:34:59) [MSC v.1932 64 bit (AMD64)]'
12-15 10:40:25 com_github_MitjaNemec_Archive3DModels.action_archive_3d_models 212:KiCad build version: (6.0.6)
12-15 10:40:25 com_github_MitjaNemec_Archive3DModels.action_archive_3d_models 213:Plugin version: 1.0.3

12-15 10:40:26 com_github_MitjaNemec_Archive3DModels.archive_3d_models 13:Starting to archive 3D models
12-15 10:40:26 com_github_MitjaNemec_Archive3DModels.archive_3d_models 34:Getting 3D models for footprint of: D1
12-15 10:40:26 com_github_MitjaNemec_Archive3DModels.archive_3d_models 45:Trying to copy: ${KICAD6_3DMODEL_DIR}/Diode_THT.3dshapes/D_A-405_P12.70mm_Horizontal.wrl
12-15 10:40:26 com_github_MitjaNemec_Archive3DModels.archive_3d_models 105:Remapping: ${KICAD6_3DMODEL_DIR}/Diode_THT.3dshapes/D_A-405_P12.70mm_Horizontal.wrl
12-15 10:40:26 com_github_MitjaNemec_Archive3DModels.archive_3d_models 34:Getting 3D models for footprint of: J1
12-15 10:40:26 com_github_MitjaNemec_Archive3DModels.archive_3d_models 45:Trying to copy: ${KICAD6_3DMODEL_DIR}/Connector_Pin.3dshapes/Pin_D1.4mm_L8.5mm_W2.8mm_FlatFork.wrl
12-15 10:40:26 com_github_MitjaNemec_Archive3DModels.archive_3d_models 105:Remapping: ${KICAD6_3DMODEL_DIR}/Connector_Pin.3dshapes/Pin_D1.4mm_L8.5mm_W2.8mm_FlatFork.wrl
12-15 10:40:26 com_github_MitjaNemec_Archive3DModels.archive_3d_models 34:Getting 3D models for footprint of: C2
12-15 10:40:26 com_github_MitjaNemec_Archive3DModels.archive_3d_models 45:Trying to copy: ${KICAD6_3DMODEL_DIR}/Capacitor_THT.3dshapes/CP_Radial_D5.0mm_P2.50mm.wrl
12-15 10:40:26 com_github_MitjaNemec_Archive3DModels.archive_3d_models 105:Remapping: ${KICAD6_3DMODEL_DIR}/Capacitor_THT.3dshapes/CP_Radial_D5.0mm_P2.50mm.wrl
12-15 10:40:26 com_github_MitjaNemec_Archive3DModels.archive_3d_models 34:Getting 3D models for footprint of: G1
12-15 10:40:26 com_github_MitjaNemec_Archive3DModels.archive_3d_models 34:Getting 3D models for footprint of: Q1
12-15 10:40:26 com_github_MitjaNemec_Archive3DModels.archive_3d_models 45:Trying to copy: ${KICAD6_3DMODEL_DIR}/Package_TO_SOT_THT.3dshapes/TO-92_Inline_Wide.wrl
12-15 10:40:26 com_github_MitjaNemec_Archive3DModels.archive_3d_models 105:Remapping: ${KICAD6_3DMODEL_DIR}/Package_TO_SOT_THT.3dshapes/TO-92_Inline_Wide.wrl
12-15 10:40:26 com_github_MitjaNemec_Archive3DModels.archive_3d_models 34:Getting 3D models for footprint of: J5
12-15 10:40:26 com_github_MitjaNemec_Archive3DModels.archive_3d_models 45:Trying to copy: ${KICAD6_3DMODEL_DIR}/Connector_Pin.3dshapes/Pin_D1.4mm_L8.5mm_W2.8mm_FlatFork.wrl
12-15 10:40:26 com_github_MitjaNemec_Archive3DModels.archive_3d_models 105:Remapping: ${KICAD6_3DMODEL_DIR}/Connector_Pin.3dshapes/Pin_D1.4mm_L8.5mm_W2.8mm_FlatFork.wrl
12-15 10:40:26 com_github_MitjaNemec_Archive3DModels.archive_3d_models 34:Getting 3D models for footprint of: R2
12-15 10:40:26 com_github_MitjaNemec_Archive3DModels.archive_3d_models 45:Trying to copy: ${KICAD6_3DMODEL_DIR}/Resistor_THT.3dshapes/R_Axial_DIN0207_L6.3mm_D2.5mm_P10.16mm_Horizontal.wrl
12-15 10:40:26 com_github_MitjaNemec_Archive3DModels.archive_3d_models 105:Remapping: ${KICAD6_3DMODEL_DIR}/Resistor_THT.3dshapes/R_Axial_DIN0207_L6.3mm_D2.5mm_P10.16mm_Horizontal.wrl
12-15 10:40:26 com_github_MitjaNemec_Archive3DModels.archive_3d_models 34:Getting 3D models for footprint of: R1
12-15 10:40:26 com_github_MitjaNemec_Archive3DModels.archive_3d_models 45:Trying to copy: ${KICAD6_3DMODEL_DIR}/Resistor_THT.3dshapes/R_Axial_DIN0207_L6.3mm_D2.5mm_P10.16mm_Horizontal.wrl
12-15 10:40:26 com_github_MitjaNemec_Archive3DModels.archive_3d_models 105:Remapping: ${KICAD6_3DMODEL_DIR}/Resistor_THT.3dshapes/R_Axial_DIN0207_L6.3mm_D2.5mm_P10.16mm_Horizontal.wrl
12-15 10:40:26 com_github_MitjaNemec_Archive3DModels.archive_3d_models 34:Getting 3D models for footprint of: J2
12-15 10:40:26 com_github_MitjaNemec_Archive3DModels.archive_3d_models 45:Trying to copy: ${KICAD6_3DMODEL_DIR}/Connector_Pin.3dshapes/Pin_D1.4mm_L8.5mm_W2.8mm_FlatFork.wrl
12-15 10:40:26 com_github_MitjaNemec_Archive3DModels.archive_3d_models 105:Remapping: ${KICAD6_3DMODEL_DIR}/Connector_Pin.3dshapes/Pin_D1.4mm_L8.5mm_W2.8mm_FlatFork.wrl
12-15 10:40:26 com_github_MitjaNemec_Archive3DModels.archive_3d_models 34:Getting 3D models for footprint of: J4
12-15 10:40:26 com_github_MitjaNemec_Archive3DModels.archive_3d_models 45:Trying to copy: ${KICAD6_3DMODEL_DIR}/Connector_Pin.3dshapes/Pin_D1.4mm_L8.5mm_W2.8mm_FlatFork.wrl
12-15 10:40:26 com_github_MitjaNemec_Archive3DModels.archive_3d_models 105:Remapping: ${KICAD6_3DMODEL_DIR}/Connector_Pin.3dshapes/Pin_D1.4mm_L8.5mm_W2.8mm_FlatFork.wrl
12-15 10:40:26 com_github_MitjaNemec_Archive3DModels.archive_3d_models 34:Getting 3D models for footprint of: RV1
12-15 10:40:26 com_github_MitjaNemec_Archive3DModels.archive_3d_models 45:Trying to copy: C:/Users/crtak/Documents/KiCad/SamacSys_Parts.3dshapes/Assem1.STEP
12-15 10:40:26 com_github_MitjaNemec_Archive3DModels.archive_3d_models 105:Remapping: C:/Users/crtak/Documents/KiCad/SamacSys_Parts.3dshapes/Assem1.STEP
12-15 10:40:26 com_github_MitjaNemec_Archive3DModels.archive_3d_models 34:Getting 3D models for footprint of: H2
12-15 10:40:26 com_github_MitjaNemec_Archive3DModels.archive_3d_models 34:Getting 3D models for footprint of: C1
12-15 10:40:26 com_github_MitjaNemec_Archive3DModels.archive_3d_models 45:Trying to copy: ${KICAD6_3DMODEL_DIR}/Capacitor_THT.3dshapes/CP_Radial_D5.0mm_P2.50mm.wrl
12-15 10:40:26 com_github_MitjaNemec_Archive3DModels.archive_3d_models 105:Remapping: ${KICAD6_3DMODEL_DIR}/Capacitor_THT.3dshapes/CP_Radial_D5.0mm_P2.50mm.wrl
12-15 10:40:26 com_github_MitjaNemec_Archive3DModels.archive_3d_models 34:Getting 3D models for footprint of: J3
12-15 10:40:26 com_github_MitjaNemec_Archive3DModels.archive_3d_models 45:Trying to copy: ${KICAD6_3DMODEL_DIR}/Connector_Pin.3dshapes/Pin_D1.4mm_L8.5mm_W2.8mm_FlatFork.wrl
12-15 10:40:26 com_github_MitjaNemec_Archive3DModels.archive_3d_models 105:Remapping: ${KICAD6_3DMODEL_DIR}/Connector_Pin.3dshapes/Pin_D1.4mm_L8.5mm_W2.8mm_FlatFork.wrl
12-15 10:40:26 com_github_MitjaNemec_Archive3DModels.archive_3d_models 34:Getting 3D models for footprint of: RV2
12-15 10:40:26 com_github_MitjaNemec_Archive3DModels.archive_3d_models 45:Trying to copy: C:/Users/crtak/Documents/KiCad/SamacSys_Parts.3dshapes/Assem1.STEP
12-15 10:40:26 com_github_MitjaNemec_Archive3DModels.archive_3d_models 105:Remapping: C:/Users/crtak/Documents/KiCad/SamacSys_Parts.3dshapes/Assem1.STEP
12-15 10:40:26 com_github_MitjaNemec_Archive3DModels.archive_3d_models 34:Getting 3D models for footprint of: D2
12-15 10:40:26 com_github_MitjaNemec_Archive3DModels.archive_3d_models 45:Trying to copy: ${KICAD6_3DMODEL_DIR}/LED_THT.3dshapes/LED_D5.0mm.wrl
12-15 10:40:26 com_github_MitjaNemec_Archive3DModels.archive_3d_models 105:Remapping: ${KICAD6_3DMODEL_DIR}/LED_THT.3dshapes/LED_D5.0mm.wrl
12-15 10:40:26 com_github_MitjaNemec_Archive3DModels.archive_3d_models 34:Getting 3D models for footprint of: J6
12-15 10:40:26 com_github_MitjaNemec_Archive3DModels.archive_3d_models 45:Trying to copy: ${KICAD6_3DMODEL_DIR}/Connector_Pin.3dshapes/Pin_D1.4mm_L8.5mm_W2.8mm_FlatFork.wrl
12-15 10:40:26 com_github_MitjaNemec_Archive3DModels.archive_3d_models 105:Remapping: ${KICAD6_3DMODEL_DIR}/Connector_Pin.3dshapes/Pin_D1.4mm_L8.5mm_W2.8mm_FlatFork.wrl
12-15 10:40:26 com_github_MitjaNemec_Archive3DModels.archive_3d_models 34:Getting 3D models for footprint of: H1
12-15 10:40:26 com_github_MitjaNemec_Archive3DModels.archive_3d_models 34:Getting 3D models for footprint of: G2
